[2018-02-05 10:59:39] local.ERROR: Call to a member function header() on string {"exception":"[object] (Symfony\\Component\\Debug\\Exception\\FatalThrowableError(code: 0): Call to a member function header() on string at D:\\phpStudy\\WWW\\laraver\\pusher\\vendor\\laravel\\framework\\src\\Illuminate\\Broadcasting\\BroadcastManager.php:88)
[stacktrace]
#0 D:\\phpStudy\\WWW\\laraver\\pusher\\vendor\\laravel\\framework\\src\\Illuminate\\Broadcasting\\BroadcastManager.php(324): Illuminate\\Broadcasting\\BroadcastManager->socket('channel-name.*')
#1 D:\\phpStudy\\WWW\\laraver\\pusher\\vendor\\laravel\\framework\\src\\Illuminate\\Support\\Facades\\Facade.php(221): Illuminate\\Broadcasting\\BroadcastManager->auth('channel-name.*', Object(Closure))
#2 D:\\phpStudy\\WWW\\laraver\\pusher\\app\\Providers\\BroadcastServiceProvider.php(21): Illuminate\\Support\\Facades\\Facade::__callStatic('auth', Array)
#3 [internal function]: App\\Providers\\BroadcastServiceProvider->boot()
#4 D:\\phpStudy\\WWW\\laraver\\pusher\\vendor\\laravel\\framework\\src\\Illuminate\\Container\\BoundMethod.php(29): call_user_func_array(Array, Array)
#5 D:\\phpStudy\\WWW\\laraver\\pusher\\vendor\\laravel\\framework\\src\\Illuminate\\Container\\BoundMethod.php(87): Illuminate\\Container\\BoundMethod::Illuminate\\Container\\{closure}()
#6 D:\\phpStudy\\WWW\\laraver\\pusher\\vendor\\laravel\\framework\\src\\Illuminate\\Container\\BoundMethod.php(31): Illuminate\\Container\\BoundMethod::callBoundMethod(Object(Illuminate\\Foundation\\Application), Array, Object(Closure))
#7 D:\\phpStudy\\WWW\\laraver\\pusher\\vendor\\laravel\\framework\\src\\Illuminate\\Container\\Container.php(549): Illuminate\\Container\\BoundMethod::call(Object(Illuminate\\Foundation\\Application), Array, Array, NULL)
#8 D:\\phpStudy\\WWW\\laraver\\pusher\\vendor\\laravel\\framework\\src\\Illuminate\\Foundation\\Application.php(792): Illuminate\\Container\\Container->call(Array)
#9 D:\\phpStudy\\WWW\\laraver\\pusher\\vendor\\laravel\\framework\\src\\Illuminate\\Foundation\\Application.php(775): Illuminate\\Foundation\\Application->bootProvider(Object(App\\Providers\\BroadcastServiceProvider))
#10 [internal function]: Illuminate\\Foundation\\Application->Illuminate\\Foundation\\{closure}(Object(App\\Providers\\BroadcastServiceProvider), 18)
#11 D:\\phpStudy\\WWW\\laraver\\pusher\\vendor\\laravel\\framework\\src\\Illuminate\\Foundation\\Application.php(776): array_walk(Array, Object(Closure))
#12 D:\\phpStudy\\WWW\\laraver\\pusher\\vendor\\laravel\\framework\\src\\Illuminate\\Foundation\\Bootstrap\\BootProviders.php(17): Illuminate\\Foundation\\Application->boot()
#13 D:\\phpStudy\\WWW\\laraver\\pusher\\vendor\\laravel\\framework\\src\\Illuminate\\Foundation\\Application.php(213): Illuminate\\Foundation\\Bootstrap\\BootProviders->bootstrap(Object(Illuminate\\Foundation\\Application))
#14 D:\\phpStudy\\WWW\\laraver\\pusher\\vendor\\laravel\\framework\\src\\Illuminate\\Foundation\\Http\\Kernel.php(162): Illuminate\\Foundation\\Application->bootstrapWith(Array)
#15 D:\\phpStudy\\WWW\\laraver\\pusher\\vendor\\laravel\\framework\\src\\Illuminate\\Foundation\\Http\\Kernel.php(146): Illuminate\\Foundation\\Http\\Kernel->bootstrap()
#16 D:\\phpStudy\\WWW\\laraver\\pusher\\vendor\\laravel\\framework\\src\\Illuminate\\Foundation\\Http\\Kernel.php(116): Illuminate\\Foundation\\Http\\Kernel->sendRequestThroughRouter(Object(Illuminate\\Http\\Request))
#17 D:\\phpStudy\\WWW\\laraver\\pusher\\public\\index.php(55): Illuminate\\Foundation\\Http\\Kernel->handle(Object(Illuminate\\Http\\Request))
#18 {main}
"} 
[2018-02-05 11:02:10] local.ERROR: Call to a member function header() on string {"exception":"[object] (Symfony\\Component\\Debug\\Exception\\FatalThrowableError(code: 0): Call to a member function header() on string at D:\\phpStudy\\WWW\\laraver\\pusher\\vendor\\laravel\\framework\\src\\Illuminate\\Broadcasting\\BroadcastManager.php:88)
[stacktrace]
#0 D:\\phpStudy\\WWW\\laraver\\pusher\\vendor\\laravel\\framework\\src\\Illuminate\\Broadcasting\\BroadcastManager.php(324): Illuminate\\Broadcasting\\BroadcastManager->socket('channel-name.*')
#1 D:\\phpStudy\\WWW\\laraver\\pusher\\vendor\\laravel\\framework\\src\\Illuminate\\Support\\Facades\\Facade.php(221): Illuminate\\Broadcasting\\BroadcastManager->auth('channel-name.*', Object(Closure))
#2 D:\\phpStudy\\WWW\\laraver\\pusher\\app\\Providers\\BroadcastServiceProvider.php(21): Illuminate\\Support\\Facades\\Facade::__callStatic('auth', Array)
#3 [internal function]: App\\Providers\\BroadcastServiceProvider->boot()
#4 D:\\phpStudy\\WWW\\laraver\\pusher\\vendor\\laravel\\framework\\src\\Illuminate\\Container\\BoundMethod.php(29): call_user_func_array(Array, Array)
#5 D:\\phpStudy\\WWW\\laraver\\pusher\\vendor\\laravel\\framework\\src\\Illuminate\\Container\\BoundMethod.php(87): Illuminate\\Container\\BoundMethod::Illuminate\\Container\\{closure}()
#6 D:\\phpStudy\\WWW\\laraver\\pusher\\vendor\\laravel\\framework\\src\\Illuminate\\Container\\BoundMethod.php(31): Illuminate\\Container\\BoundMethod::callBoundMethod(Object(Illuminate\\Foundation\\Application), Array, Object(Closure))
#7 D:\\phpStudy\\WWW\\laraver\\pusher\\vendor\\laravel\\framework\\src\\Illuminate\\Container\\Container.php(549): Illuminate\\Container\\BoundMethod::call(Object(Illuminate\\Foundation\\Application), Array, Array, NULL)
#8 D:\\phpStudy\\WWW\\laraver\\pusher\\vendor\\laravel\\framework\\src\\Illuminate\\Foundation\\Application.php(792): Illuminate\\Container\\Container->call(Array)
#9 D:\\phpStudy\\WWW\\laraver\\pusher\\vendor\\laravel\\framework\\src\\Illuminate\\Foundation\\Application.php(775): Illuminate\\Foundation\\Application->bootProvider(Object(App\\Providers\\BroadcastServiceProvider))
#10 [internal function]: Illuminate\\Foundation\\Application->Illuminate\\Foundation\\{closure}(Object(App\\Providers\\BroadcastServiceProvider), 18)
#11 D:\\phpStudy\\WWW\\laraver\\pusher\\vendor\\laravel\\framework\\src\\Illuminate\\Foundation\\Application.php(776): array_walk(Array, Object(Closure))
#12 D:\\phpStudy\\WWW\\laraver\\pusher\\vendor\\laravel\\framework\\src\\Illuminate\\Foundation\\Bootstrap\\BootProviders.php(17): Illuminate\\Foundation\\Application->boot()
#13 D:\\phpStudy\\WWW\\laraver\\pusher\\vendor\\laravel\\framework\\src\\Illuminate\\Foundation\\Application.php(213): Illuminate\\Foundation\\Bootstrap\\BootProviders->bootstrap(Object(Illuminate\\Foundation\\Application))
#14 D:\\phpStudy\\WWW\\laraver\\pusher\\vendor\\laravel\\framework\\src\\Illuminate\\Foundation\\Http\\Kernel.php(162): Illuminate\\Foundation\\Application->bootstrapWith(Array)
#15 D:\\phpStudy\\WWW\\laraver\\pusher\\vendor\\laravel\\framework\\src\\Illuminate\\Foundation\\Http\\Kernel.php(146): Illuminate\\Foundation\\Http\\Kernel->bootstrap()
#16 D:\\phpStudy\\WWW\\laraver\\pusher\\vendor\\laravel\\framework\\src\\Illuminate\\Foundation\\Http\\Kernel.php(116): Illuminate\\Foundation\\Http\\Kernel->sendRequestThroughRouter(Object(Illuminate\\Http\\Request))
#17 D:\\phpStudy\\WWW\\laraver\\pusher\\public\\index.php(55): Illuminate\\Foundation\\Http\\Kernel->handle(Object(Illuminate\\Http\\Request))
#18 {main}
"} 
[2018-02-05 11:05:20] local.ERROR: Call to a member function header() on string {"exception":"[object] (Symfony\\Component\\Debug\\Exception\\FatalThrowableError(code: 0): Call to a member function header() on string at D:\\phpStudy\\WWW\\laraver\\pusher\\vendor\\laravel\\framework\\src\\Illuminate\\Broadcasting\\BroadcastManager.php:88)
[stacktrace]
#0 D:\\phpStudy\\WWW\\laraver\\pusher\\vendor\\laravel\\framework\\src\\Illuminate\\Broadcasting\\BroadcastManager.php(324): Illuminate\\Broadcasting\\BroadcastManager->socket('channel-name.*')
#1 D:\\phpStudy\\WWW\\laraver\\pusher\\vendor\\laravel\\framework\\src\\Illuminate\\Support\\Facades\\Facade.php(221): Illuminate\\Broadcasting\\BroadcastManager->auth('channel-name.*', Object(Closure))
#2 D:\\phpStudy\\WWW\\laraver\\pusher\\app\\Providers\\BroadcastServiceProvider.php(21): Illuminate\\Support\\Facades\\Facade::__callStatic('auth', Array)
#3 [internal function]: App\\Providers\\BroadcastServiceProvider->boot()
#4 D:\\phpStudy\\WWW\\laraver\\pusher\\vendor\\laravel\\framework\\src\\Illuminate\\Container\\BoundMethod.php(29): call_user_func_array(Array, Array)
#5 D:\\phpStudy\\WWW\\laraver\\pusher\\vendor\\laravel\\framework\\src\\Illuminate\\Container\\BoundMethod.php(87): Illuminate\\Container\\BoundMethod::Illuminate\\Container\\{closure}()
#6 D:\\phpStudy\\WWW\\laraver\\pusher\\vendor\\laravel\\framework\\src\\Illuminate\\Container\\BoundMethod.php(31): Illuminate\\Container\\BoundMethod::callBoundMethod(Object(Illuminate\\Foundation\\Application), Array, Object(Closure))
#7 D:\\phpStudy\\WWW\\laraver\\pusher\\vendor\\laravel\\framework\\src\\Illuminate\\Container\\Container.php(549): Illuminate\\Container\\BoundMethod::call(Object(Illuminate\\Foundation\\Application), Array, Array, NULL)
#8 D:\\phpStudy\\WWW\\laraver\\pusher\\vendor\\laravel\\framework\\src\\Illuminate\\Foundation\\Application.php(792): Illuminate\\Container\\Container->call(Array)
#9 D:\\phpStudy\\WWW\\laraver\\pusher\\vendor\\laravel\\framework\\src\\Illuminate\\Foundation\\Application.php(775): Illuminate\\Foundation\\Application->bootProvider(Object(App\\Providers\\BroadcastServiceProvider))
#10 [internal function]: Illuminate\\Foundation\\Application->Illuminate\\Foundation\\{closure}(Object(App\\Providers\\BroadcastServiceProvider), 18)
#11 D:\\phpStudy\\WWW\\laraver\\pusher\\vendor\\laravel\\framework\\src\\Illuminate\\Foundation\\Application.php(776): array_walk(Array, Object(Closure))
#12 D:\\phpStudy\\WWW\\laraver\\pusher\\vendor\\laravel\\framework\\src\\Illuminate\\Foundation\\Bootstrap\\BootProviders.php(17): Illuminate\\Foundation\\Application->boot()
#13 D:\\phpStudy\\WWW\\laraver\\pusher\\vendor\\laravel\\framework\\src\\Illuminate\\Foundation\\Application.php(213): Illuminate\\Foundation\\Bootstrap\\BootProviders->bootstrap(Object(Illuminate\\Foundation\\Application))
#14 D:\\phpStudy\\WWW\\laraver\\pusher\\vendor\\laravel\\framework\\src\\Illuminate\\Foundation\\Http\\Kernel.php(162): Illuminate\\Foundation\\Application->bootstrapWith(Array)
#15 D:\\phpStudy\\WWW\\laraver\\pusher\\vendor\\laravel\\framework\\src\\Illuminate\\Foundation\\Http\\Kernel.php(146): Illuminate\\Foundation\\Http\\Kernel->bootstrap()
#16 D:\\phpStudy\\WWW\\laraver\\pusher\\vendor\\laravel\\framework\\src\\Illuminate\\Foundation\\Http\\Kernel.php(116): Illuminate\\Foundation\\Http\\Kernel->sendRequestThroughRouter(Object(Illuminate\\Http\\Request))
#17 D:\\phpStudy\\WWW\\laraver\\pusher\\public\\index.php(55): Illuminate\\Foundation\\Http\\Kernel->handle(Object(Illuminate\\Http\\Request))
#18 {main}
"} 
[2018-02-05 11:06:17] local.ERROR: Call to a member function header() on string {"exception":"[object] (Symfony\\Component\\Debug\\Exception\\FatalThrowableError(code: 0): Call to a member function header() on string at D:\\phpStudy\\WWW\\laraver\\pusher\\vendor\\laravel\\framework\\src\\Illuminate\\Broadcasting\\BroadcastManager.php:88)
[stacktrace]
#0 D:\\phpStudy\\WWW\\laraver\\pusher\\vendor\\laravel\\framework\\src\\Illuminate\\Broadcasting\\BroadcastManager.php(324): Illuminate\\Broadcasting\\BroadcastManager->socket('channel-name.*')
#1 D:\\phpStudy\\WWW\\laraver\\pusher\\vendor\\laravel\\framework\\src\\Illuminate\\Support\\Facades\\Facade.php(221): Illuminate\\Broadcasting\\BroadcastManager->auth('channel-name.*', Object(Closure))
#2 D:\\phpStudy\\WWW\\laraver\\pusher\\app\\Providers\\BroadcastServiceProvider.php(21): Illuminate\\Support\\Facades\\Facade::__callStatic('auth', Array)
#3 [internal function]: App\\Providers\\BroadcastServiceProvider->boot()
#4 D:\\phpStudy\\WWW\\laraver\\pusher\\vendor\\laravel\\framework\\src\\Illuminate\\Container\\BoundMethod.php(29): call_user_func_array(Array, Array)
#5 D:\\phpStudy\\WWW\\laraver\\pusher\\vendor\\laravel\\framework\\src\\Illuminate\\Container\\BoundMethod.php(87): Illuminate\\Container\\BoundMethod::Illuminate\\Container\\{closure}()
#6 D:\\phpStudy\\WWW\\laraver\\pusher\\vendor\\laravel\\framework\\src\\Illuminate\\Container\\BoundMethod.php(31): Illuminate\\Container\\BoundMethod::callBoundMethod(Object(Illuminate\\Foundation\\Application), Array, Object(Closure))
#7 D:\\phpStudy\\WWW\\laraver\\pusher\\vendor\\laravel\\framework\\src\\Illuminate\\Container\\Container.php(549): Illuminate\\Container\\BoundMethod::call(Object(Illuminate\\Foundation\\Application), Array, Array, NULL)
#8 D:\\phpStudy\\WWW\\laraver\\pusher\\vendor\\laravel\\framework\\src\\Illuminate\\Foundation\\Application.php(792): Illuminate\\Container\\Container->call(Array)
#9 D:\\phpStudy\\WWW\\laraver\\pusher\\vendor\\laravel\\framework\\src\\Illuminate\\Foundation\\Application.php(775): Illuminate\\Foundation\\Application->bootProvider(Object(App\\Providers\\BroadcastServiceProvider))
#10 [internal function]: Illuminate\\Foundation\\Application->Illuminate\\Foundation\\{closure}(Object(App\\Providers\\BroadcastServiceProvider), 18)
#11 D:\\phpStudy\\WWW\\laraver\\pusher\\vendor\\laravel\\framework\\src\\Illuminate\\Foundation\\Application.php(776): array_walk(Array, Object(Closure))
#12 D:\\phpStudy\\WWW\\laraver\\pusher\\vendor\\laravel\\framework\\src\\Illuminate\\Foundation\\Bootstrap\\BootProviders.php(17): Illuminate\\Foundation\\Application->boot()
#13 D:\\phpStudy\\WWW\\laraver\\pusher\\vendor\\laravel\\framework\\src\\Illuminate\\Foundation\\Application.php(213): Illuminate\\Foundation\\Bootstrap\\BootProviders->bootstrap(Object(Illuminate\\Foundation\\Application))
#14 D:\\phpStudy\\WWW\\laraver\\pusher\\vendor\\laravel\\framework\\src\\Illuminate\\Foundation\\Http\\Kernel.php(162): Illuminate\\Foundation\\Application->bootstrapWith(Array)
#15 D:\\phpStudy\\WWW\\laraver\\pusher\\vendor\\laravel\\framework\\src\\Illuminate\\Foundation\\Http\\Kernel.php(146): Illuminate\\Foundation\\Http\\Kernel->bootstrap()
#16 D:\\phpStudy\\WWW\\laraver\\pusher\\vendor\\laravel\\framework\\src\\Illuminate\\Foundation\\Http\\Kernel.php(116): Illuminate\\Foundation\\Http\\Kernel->sendRequestThroughRouter(Object(Illuminate\\Http\\Request))
#17 D:\\phpStudy\\WWW\\laraver\\pusher\\public\\index.php(55): Illuminate\\Foundation\\Http\\Kernel->handle(Object(Illuminate\\Http\\Request))
#18 {main}
"} 
[2018-02-05 11:06:57] local.ERROR: Call to a member function header() on string {"exception":"[object] (Symfony\\Component\\Debug\\Exception\\FatalThrowableError(code: 0): Call to a member function header() on string at D:\\phpStudy\\WWW\\laraver\\pusher\\vendor\\laravel\\framework\\src\\Illuminate\\Broadcasting\\BroadcastManager.php:88)
[stacktrace]
#0 D:\\phpStudy\\WWW\\laraver\\pusher\\vendor\\laravel\\framework\\src\\Illuminate\\Broadcasting\\BroadcastManager.php(324): Illuminate\\Broadcasting\\BroadcastManager->socket('channel-name.*')
#1 D:\\phpStudy\\WWW\\laraver\\pusher\\vendor\\laravel\\framework\\src\\Illuminate\\Support\\Facades\\Facade.php(221): Illuminate\\Broadcasting\\BroadcastManager->auth('channel-name.*', Object(Closure))
#2 D:\\phpStudy\\WWW\\laraver\\pusher\\app\\Providers\\BroadcastServiceProvider.php(21): Illuminate\\Support\\Facades\\Facade::__callStatic('auth', Array)
#3 [internal function]: App\\Providers\\BroadcastServiceProvider->boot()
#4 D:\\phpStudy\\WWW\\laraver\\pusher\\vendor\\laravel\\framework\\src\\Illuminate\\Container\\BoundMethod.php(29): call_user_func_array(Array, Array)
#5 D:\\phpStudy\\WWW\\laraver\\pusher\\vendor\\laravel\\framework\\src\\Illuminate\\Container\\BoundMethod.php(87): Illuminate\\Container\\BoundMethod::Illuminate\\Container\\{closure}()
#6 D:\\phpStudy\\WWW\\laraver\\pusher\\vendor\\laravel\\framework\\src\\Illuminate\\Container\\BoundMethod.php(31): Illuminate\\Container\\BoundMethod::callBoundMethod(Object(Illuminate\\Foundation\\Application), Array, Object(Closure))
#7 D:\\phpStudy\\WWW\\laraver\\pusher\\vendor\\laravel\\framework\\src\\Illuminate\\Container\\Container.php(549): Illuminate\\Container\\BoundMethod::call(Object(Illuminate\\Foundation\\Application), Array, Array, NULL)
#8 D:\\phpStudy\\WWW\\laraver\\pusher\\vendor\\laravel\\framework\\src\\Illuminate\\Foundation\\Application.php(792): Illuminate\\Container\\Container->call(Array)
#9 D:\\phpStudy\\WWW\\laraver\\pusher\\vendor\\laravel\\framework\\src\\Illuminate\\Foundation\\Application.php(775): Illuminate\\Foundation\\Application->bootProvider(Object(App\\Providers\\BroadcastServiceProvider))
#10 [internal function]: Illuminate\\Foundation\\Application->Illuminate\\Foundation\\{closure}(Object(App\\Providers\\BroadcastServiceProvider), 18)
#11 D:\\phpStudy\\WWW\\laraver\\pusher\\vendor\\laravel\\framework\\src\\Illuminate\\Foundation\\Application.php(776): array_walk(Array, Object(Closure))
#12 D:\\phpStudy\\WWW\\laraver\\pusher\\vendor\\laravel\\framework\\src\\Illuminate\\Foundation\\Bootstrap\\BootProviders.php(17): Illuminate\\Foundation\\Application->boot()
#13 D:\\phpStudy\\WWW\\laraver\\pusher\\vendor\\laravel\\framework\\src\\Illuminate\\Foundation\\Application.php(213): Illuminate\\Foundation\\Bootstrap\\BootProviders->bootstrap(Object(Illuminate\\Foundation\\Application))
#14 D:\\phpStudy\\WWW\\laraver\\pusher\\vendor\\laravel\\framework\\src\\Illuminate\\Foundation\\Http\\Kernel.php(162): Illuminate\\Foundation\\Application->bootstrapWith(Array)
#15 D:\\phpStudy\\WWW\\laraver\\pusher\\vendor\\laravel\\framework\\src\\Illuminate\\Foundation\\Http\\Kernel.php(146): Illuminate\\Foundation\\Http\\Kernel->bootstrap()
#16 D:\\phpStudy\\WWW\\laraver\\pusher\\vendor\\laravel\\framework\\src\\Illuminate\\Foundation\\Http\\Kernel.php(116): Illuminate\\Foundation\\Http\\Kernel->sendRequestThroughRouter(Object(Illuminate\\Http\\Request))
#17 D:\\phpStudy\\WWW\\laraver\\pusher\\public\\index.php(55): Illuminate\\Foundation\\Http\\Kernel->handle(Object(Illuminate\\Http\\Request))
#18 {main}
"} 
[2018-02-05 12:01:14] local.ERROR: Call to a member function header() on string {"exception":"[object] (Symfony\\Component\\Debug\\Exception\\FatalThrowableError(code: 0): Call to a member function header() on string at D:\\phpStudy\\WWW\\laraver\\pusher\\vendor\\laravel\\framework\\src\\Illuminate\\Broadcasting\\BroadcastManager.php:88)
[stacktrace]
#0 D:\\phpStudy\\WWW\\laraver\\pusher\\vendor\\laravel\\framework\\src\\Illuminate\\Broadcasting\\BroadcastManager.php(324): Illuminate\\Broadcasting\\BroadcastManager->socket('channel-name.*')
#1 D:\\phpStudy\\WWW\\laraver\\pusher\\vendor\\laravel\\framework\\src\\Illuminate\\Support\\Facades\\Facade.php(221): Illuminate\\Broadcasting\\BroadcastManager->auth('channel-name.*', Object(Closure))
#2 D:\\phpStudy\\WWW\\laraver\\pusher\\app\\Providers\\BroadcastServiceProvider.php(21): Illuminate\\Support\\Facades\\Facade::__callStatic('auth', Array)
#3 [internal function]: App\\Providers\\BroadcastServiceProvider->boot()
#4 D:\\phpStudy\\WWW\\laraver\\pusher\\vendor\\laravel\\framework\\src\\Illuminate\\Container\\BoundMethod.php(29): call_user_func_array(Array, Array)
#5 D:\\phpStudy\\WWW\\laraver\\pusher\\vendor\\laravel\\framework\\src\\Illuminate\\Container\\BoundMethod.php(87): Illuminate\\Container\\BoundMethod::Illuminate\\Container\\{closure}()
#6 D:\\phpStudy\\WWW\\laraver\\pusher\\vendor\\laravel\\framework\\src\\Illuminate\\Container\\BoundMethod.php(31): Illuminate\\Container\\BoundMethod::callBoundMethod(Object(Illuminate\\Foundation\\Application), Array, Object(Closure))
#7 D:\\phpStudy\\WWW\\laraver\\pusher\\vendor\\laravel\\framework\\src\\Illuminate\\Container\\Container.php(549): Illuminate\\Container\\BoundMethod::call(Object(Illuminate\\Foundation\\Application), Array, Array, NULL)
#8 D:\\phpStudy\\WWW\\laraver\\pusher\\vendor\\laravel\\framework\\src\\Illuminate\\Foundation\\Application.php(792): Illuminate\\Container\\Container->call(Array)
#9 D:\\phpStudy\\WWW\\laraver\\pusher\\vendor\\laravel\\framework\\src\\Illuminate\\Foundation\\Application.php(775): Illuminate\\Foundation\\Application->bootProvider(Object(App\\Providers\\BroadcastServiceProvider))
#10 [internal function]: Illuminate\\Foundation\\Application->Illuminate\\Foundation\\{closure}(Object(App\\Providers\\BroadcastServiceProvider), 18)
#11 D:\\phpStudy\\WWW\\laraver\\pusher\\vendor\\laravel\\framework\\src\\Illuminate\\Foundation\\Application.php(776): array_walk(Array, Object(Closure))
#12 D:\\phpStudy\\WWW\\laraver\\pusher\\vendor\\laravel\\framework\\src\\Illuminate\\Foundation\\Bootstrap\\BootProviders.php(17): Illuminate\\Foundation\\Application->boot()
#13 D:\\phpStudy\\WWW\\laraver\\pusher\\vendor\\laravel\\framework\\src\\Illuminate\\Foundation\\Application.php(213): Illuminate\\Foundation\\Bootstrap\\BootProviders->bootstrap(Object(Illuminate\\Foundation\\Application))
#14 D:\\phpStudy\\WWW\\laraver\\pusher\\vendor\\laravel\\framework\\src\\Illuminate\\Foundation\\Http\\Kernel.php(162): Illuminate\\Foundation\\Application->bootstrapWith(Array)
#15 D:\\phpStudy\\WWW\\laraver\\pusher\\vendor\\laravel\\framework\\src\\Illuminate\\Foundation\\Http\\Kernel.php(146): Illuminate\\Foundation\\Http\\Kernel->bootstrap()
#16 D:\\phpStudy\\WWW\\laraver\\pusher\\vendor\\laravel\\framework\\src\\Illuminate\\Foundation\\Http\\Kernel.php(116): Illuminate\\Foundation\\Http\\Kernel->sendRequestThroughRouter(Object(Illuminate\\Http\\Request))
#17 D:\\phpStudy\\WWW\\laraver\\pusher\\public\\index.php(55): Illuminate\\Foundation\\Http\\Kernel->handle(Object(Illuminate\\Http\\Request))
#18 {main}
"} 
[2018-02-05 12:01:56] local.ERROR: Call to a member function header() on string {"exception":"[object] (Symfony\\Component\\Debug\\Exception\\FatalThrowableError(code: 0): Call to a member function header() on string at D:\\phpStudy\\WWW\\laraver\\pusher\\vendor\\laravel\\framework\\src\\Illuminate\\Broadcasting\\BroadcastManager.php:88)
[stacktrace]
#0 D:\\phpStudy\\WWW\\laraver\\pusher\\vendor\\laravel\\framework\\src\\Illuminate\\Broadcasting\\BroadcastManager.php(324): Illuminate\\Broadcasting\\BroadcastManager->socket('channel-name.*')
#1 D:\\phpStudy\\WWW\\laraver\\pusher\\vendor\\laravel\\framework\\src\\Illuminate\\Support\\Facades\\Facade.php(221): Illuminate\\Broadcasting\\BroadcastManager->auth('channel-name.*', Object(Closure))
#2 D:\\phpStudy\\WWW\\laraver\\pusher\\app\\Providers\\BroadcastServiceProvider.php(21): Illuminate\\Support\\Facades\\Facade::__callStatic('auth', Array)
#3 [internal function]: App\\Providers\\BroadcastServiceProvider->boot()
#4 D:\\phpStudy\\WWW\\laraver\\pusher\\vendor\\laravel\\framework\\src\\Illuminate\\Container\\BoundMethod.php(29): call_user_func_array(Array, Array)
#5 D:\\phpStudy\\WWW\\laraver\\pusher\\vendor\\laravel\\framework\\src\\Illuminate\\Container\\BoundMethod.php(87): Illuminate\\Container\\BoundMethod::Illuminate\\Container\\{closure}()
#6 D:\\phpStudy\\WWW\\laraver\\pusher\\vendor\\laravel\\framework\\src\\Illuminate\\Container\\BoundMethod.php(31): Illuminate\\Container\\BoundMethod::callBoundMethod(Object(Illuminate\\Foundation\\Application), Array, Object(Closure))
#7 D:\\phpStudy\\WWW\\laraver\\pusher\\vendor\\laravel\\framework\\src\\Illuminate\\Container\\Container.php(549): Illuminate\\Container\\BoundMethod::call(Object(Illuminate\\Foundation\\Application), Array, Array, NULL)
#8 D:\\phpStudy\\WWW\\laraver\\pusher\\vendor\\laravel\\framework\\src\\Illuminate\\Foundation\\Application.php(792): Illuminate\\Container\\Container->call(Array)
#9 D:\\phpStudy\\WWW\\laraver\\pusher\\vendor\\laravel\\framework\\src\\Illuminate\\Foundation\\Application.php(775): Illuminate\\Foundation\\Application->bootProvider(Object(App\\Providers\\BroadcastServiceProvider))
#10 [internal function]: Illuminate\\Foundation\\Application->Illuminate\\Foundation\\{closure}(Object(App\\Providers\\BroadcastServiceProvider), 18)
#11 D:\\phpStudy\\WWW\\laraver\\pusher\\vendor\\laravel\\framework\\src\\Illuminate\\Foundation\\Application.php(776): array_walk(Array, Object(Closure))
#12 D:\\phpStudy\\WWW\\laraver\\pusher\\vendor\\laravel\\framework\\src\\Illuminate\\Foundation\\Bootstrap\\BootProviders.php(17): Illuminate\\Foundation\\Application->boot()
#13 D:\\phpStudy\\WWW\\laraver\\pusher\\vendor\\laravel\\framework\\src\\Illuminate\\Foundation\\Application.php(213): Illuminate\\Foundation\\Bootstrap\\BootProviders->bootstrap(Object(Illuminate\\Foundation\\Application))
#14 D:\\phpStudy\\WWW\\laraver\\pusher\\vendor\\laravel\\framework\\src\\Illuminate\\Foundation\\Http\\Kernel.php(162): Illuminate\\Foundation\\Application->bootstrapWith(Array)
#15 D:\\phpStudy\\WWW\\laraver\\pusher\\vendor\\laravel\\framework\\src\\Illuminate\\Foundation\\Http\\Kernel.php(146): Illuminate\\Foundation\\Http\\Kernel->bootstrap()
#16 D:\\phpStudy\\WWW\\laraver\\pusher\\vendor\\laravel\\framework\\src\\Illuminate\\Foundation\\Http\\Kernel.php(116): Illuminate\\Foundation\\Http\\Kernel->sendRequestThroughRouter(Object(Illuminate\\Http\\Request))
#17 D:\\phpStudy\\WWW\\laraver\\pusher\\public\\index.php(55): Illuminate\\Foundation\\Http\\Kernel->handle(Object(Illuminate\\Http\\Request))
#18 {main}
"} 
