[2018-02-06 02:05:45] local.ERROR: Call to a member function header() on string {"exception":"[object] (Symfony\\Component\\Debug\\Exception\\FatalThrowableError(code: 0): Call to a member function header() on string at D:\\phpStudy\\WWW\\laraver\\pusher\\vendor\\laravel\\framework\\src\\Illuminate\\Broadcasting\\BroadcastManager.php:88)
[stacktrace]
#0 D:\\phpStudy\\WWW\\laraver\\pusher\\vendor\\laravel\\framework\\src\\Illuminate\\Broadcasting\\BroadcastManager.php(324): Illuminate\\Broadcasting\\BroadcastManager->socket('channel-name.*')
#1 D:\\phpStudy\\WWW\\laraver\\pusher\\vendor\\laravel\\framework\\src\\Illuminate\\Support\\Facades\\Facade.php(221): Illuminate\\Broadcasting\\BroadcastManager->auth('channel-name.*', Object(Closure))
#2 D:\\phpStudy\\WWW\\laraver\\pusher\\app\\Providers\\BroadcastServiceProvider.php(21): Illuminate\\Support\\Facades\\Facade::__callStatic('auth', Array)
#3 [internal function]: App\\Providers\\BroadcastServiceProvider->boot()
#4 D:\\phpStudy\\WWW\\laraver\\pusher\\vendor\\laravel\\framework\\src\\Illuminate\\Container\\BoundMethod.php(29): call_user_func_array(Array, Array)
#5 D:\\phpStudy\\WWW\\laraver\\pusher\\vendor\\laravel\\framework\\src\\Illuminate\\Container\\BoundMethod.php(87): Illuminate\\Container\\BoundMethod::Illuminate\\Container\\{closure}()
#6 D:\\phpStudy\\WWW\\laraver\\pusher\\vendor\\laravel\\framework\\src\\Illuminate\\Container\\BoundMethod.php(31): Illuminate\\Container\\BoundMethod::callBoundMethod(Object(Illuminate\\Foundation\\Application), Array, Object(Closure))
#7 D:\\phpStudy\\WWW\\laraver\\pusher\\vendor\\laravel\\framework\\src\\Illuminate\\Container\\Container.php(549): Illuminate\\Container\\BoundMethod::call(Object(Illuminate\\Foundation\\Application), Array, Array, NULL)
#8 D:\\phpStudy\\WWW\\laraver\\pusher\\vendor\\laravel\\framework\\src\\Illuminate\\Foundation\\Application.php(792): Illuminate\\Container\\Container->call(Array)
#9 D:\\phpStudy\\WWW\\laraver\\pusher\\vendor\\laravel\\framework\\src\\Illuminate\\Foundation\\Application.php(775): Illuminate\\Foundation\\Application->bootProvider(Object(App\\Providers\\BroadcastServiceProvider))
#10 [internal function]: Illuminate\\Foundation\\Application->Illuminate\\Foundation\\{closure}(Object(App\\Providers\\BroadcastServiceProvider), 18)
#11 D:\\phpStudy\\WWW\\laraver\\pusher\\vendor\\laravel\\framework\\src\\Illuminate\\Foundation\\Application.php(776): array_walk(Array, Object(Closure))
#12 D:\\phpStudy\\WWW\\laraver\\pusher\\vendor\\laravel\\framework\\src\\Illuminate\\Foundation\\Bootstrap\\BootProviders.php(17): Illuminate\\Foundation\\Application->boot()
#13 D:\\phpStudy\\WWW\\laraver\\pusher\\vendor\\laravel\\framework\\src\\Illuminate\\Foundation\\Application.php(213): Illuminate\\Foundation\\Bootstrap\\BootProviders->bootstrap(Object(Illuminate\\Foundation\\Application))
#14 D:\\phpStudy\\WWW\\laraver\\pusher\\vendor\\laravel\\framework\\src\\Illuminate\\Foundation\\Http\\Kernel.php(162): Illuminate\\Foundation\\Application->bootstrapWith(Array)
#15 D:\\phpStudy\\WWW\\laraver\\pusher\\vendor\\laravel\\framework\\src\\Illuminate\\Foundation\\Http\\Kernel.php(146): Illuminate\\Foundation\\Http\\Kernel->bootstrap()
#16 D:\\phpStudy\\WWW\\laraver\\pusher\\vendor\\laravel\\framework\\src\\Illuminate\\Foundation\\Http\\Kernel.php(116): Illuminate\\Foundation\\Http\\Kernel->sendRequestThroughRouter(Object(Illuminate\\Http\\Request))
#17 D:\\phpStudy\\WWW\\laraver\\pusher\\public\\index.php(55): Illuminate\\Foundation\\Http\\Kernel->handle(Object(Illuminate\\Http\\Request))
#18 {main}
"} 
[2018-02-06 09:53:26] local.ERROR: Call to a member function header() on string {"exception":"[object] (Symfony\\Component\\Debug\\Exception\\FatalThrowableError(code: 0): Call to a member function header() on string at D:\\phpStudy\\WWW\\laraver\\pusher\\vendor\\laravel\\framework\\src\\Illuminate\\Broadcasting\\BroadcastManager.php:88)
[stacktrace]
#0 D:\\phpStudy\\WWW\\laraver\\pusher\\vendor\\laravel\\framework\\src\\Illuminate\\Broadcasting\\BroadcastManager.php(324): Illuminate\\Broadcasting\\BroadcastManager->socket('channel-name.*')
#1 D:\\phpStudy\\WWW\\laraver\\pusher\\vendor\\laravel\\framework\\src\\Illuminate\\Support\\Facades\\Facade.php(221): Illuminate\\Broadcasting\\BroadcastManager->auth('channel-name.*', Object(Closure))
#2 D:\\phpStudy\\WWW\\laraver\\pusher\\app\\Providers\\BroadcastServiceProvider.php(21): Illuminate\\Support\\Facades\\Facade::__callStatic('auth', Array)
#3 [internal function]: App\\Providers\\BroadcastServiceProvider->boot()
#4 D:\\phpStudy\\WWW\\laraver\\pusher\\vendor\\laravel\\framework\\src\\Illuminate\\Container\\BoundMethod.php(29): call_user_func_array(Array, Array)
#5 D:\\phpStudy\\WWW\\laraver\\pusher\\vendor\\laravel\\framework\\src\\Illuminate\\Container\\BoundMethod.php(87): Illuminate\\Container\\BoundMethod::Illuminate\\Container\\{closure}()
#6 D:\\phpStudy\\WWW\\laraver\\pusher\\vendor\\laravel\\framework\\src\\Illuminate\\Container\\BoundMethod.php(31): Illuminate\\Container\\BoundMethod::callBoundMethod(Object(Illuminate\\Foundation\\Application), Array, Object(Closure))
#7 D:\\phpStudy\\WWW\\laraver\\pusher\\vendor\\laravel\\framework\\src\\Illuminate\\Container\\Container.php(549): Illuminate\\Container\\BoundMethod::call(Object(Illuminate\\Foundation\\Application), Array, Array, NULL)
#8 D:\\phpStudy\\WWW\\laraver\\pusher\\vendor\\laravel\\framework\\src\\Illuminate\\Foundation\\Application.php(792): Illuminate\\Container\\Container->call(Array)
#9 D:\\phpStudy\\WWW\\laraver\\pusher\\vendor\\laravel\\framework\\src\\Illuminate\\Foundation\\Application.php(775): Illuminate\\Foundation\\Application->bootProvider(Object(App\\Providers\\BroadcastServiceProvider))
#10 [internal function]: Illuminate\\Foundation\\Application->Illuminate\\Foundation\\{closure}(Object(App\\Providers\\BroadcastServiceProvider), 18)
#11 D:\\phpStudy\\WWW\\laraver\\pusher\\vendor\\laravel\\framework\\src\\Illuminate\\Foundation\\Application.php(776): array_walk(Array, Object(Closure))
#12 D:\\phpStudy\\WWW\\laraver\\pusher\\vendor\\laravel\\framework\\src\\Illuminate\\Foundation\\Bootstrap\\BootProviders.php(17): Illuminate\\Foundation\\Application->boot()
#13 D:\\phpStudy\\WWW\\laraver\\pusher\\vendor\\laravel\\framework\\src\\Illuminate\\Foundation\\Application.php(213): Illuminate\\Foundation\\Bootstrap\\BootProviders->bootstrap(Object(Illuminate\\Foundation\\Application))
#14 D:\\phpStudy\\WWW\\laraver\\pusher\\vendor\\laravel\\framework\\src\\Illuminate\\Foundation\\Http\\Kernel.php(162): Illuminate\\Foundation\\Application->bootstrapWith(Array)
#15 D:\\phpStudy\\WWW\\laraver\\pusher\\vendor\\laravel\\framework\\src\\Illuminate\\Foundation\\Http\\Kernel.php(146): Illuminate\\Foundation\\Http\\Kernel->bootstrap()
#16 D:\\phpStudy\\WWW\\laraver\\pusher\\vendor\\laravel\\framework\\src\\Illuminate\\Foundation\\Http\\Kernel.php(116): Illuminate\\Foundation\\Http\\Kernel->sendRequestThroughRouter(Object(Illuminate\\Http\\Request))
#17 D:\\phpStudy\\WWW\\laraver\\pusher\\public\\index.php(55): Illuminate\\Foundation\\Http\\Kernel->handle(Object(Illuminate\\Http\\Request))
#18 {main}
"} 
[2018-02-06 10:29:01] local.ERROR: Call to undefined method Illuminate\Broadcasting\Broadcasters\PusherBroadcaster::private() {"exception":"[object] (Symfony\\Component\\Debug\\Exception\\FatalThrowableError(code: 0): Call to undefined method Illuminate\\Broadcasting\\Broadcasters\\PusherBroadcaster::private() at D:\\phpStudy\\WWW\\laraver\\pusher\\vendor\\laravel\\framework\\src\\Illuminate\\Broadcasting\\BroadcastManager.php:312)
[stacktrace]
#0 D:\\phpStudy\\WWW\\laraver\\pusher\\vendor\\laravel\\framework\\src\\Illuminate\\Support\\Facades\\Facade.php(221): Illuminate\\Broadcasting\\BroadcastManager->__call('private', Array)
#1 D:\\phpStudy\\WWW\\laraver\\pusher\outes\\channels.php(24): Illuminate\\Support\\Facades\\Facade::__callStatic('private', Array)
#2 D:\\phpStudy\\WWW\\laraver\\pusher\\app\\Providers\\BroadcastServiceProvider.php(24): require('D:\\\\phpStudy\\\\WWW...')
#3 [internal function]: App\\Providers\\BroadcastServiceProvider->boot()
#4 D:\\phpStudy\\WWW\\laraver\\pusher\\vendor\\laravel\\framework\\src\\Illuminate\\Container\\BoundMethod.php(29): call_user_func_array(Array, Array)
#5 D:\\phpStudy\\WWW\\laraver\\pusher\\vendor\\laravel\\framework\\src\\Illuminate\\Container\\BoundMethod.php(87): Illuminate\\Container\\BoundMethod::Illuminate\\Container\\{closure}()
#6 D:\\phpStudy\\WWW\\laraver\\pusher\\vendor\\laravel\\framework\\src\\Illuminate\\Container\\BoundMethod.php(31): Illuminate\\Container\\BoundMethod::callBoundMethod(Object(Illuminate\\Foundation\\Application), Array, Object(Closure))
#7 D:\\phpStudy\\WWW\\laraver\\pusher\\vendor\\laravel\\framework\\src\\Illuminate\\Container\\Container.php(549): Illuminate\\Container\\BoundMethod::call(Object(Illuminate\\Foundation\\Application), Array, Array, NULL)
#8 D:\\phpStudy\\WWW\\laraver\\pusher\\vendor\\laravel\\framework\\src\\Illuminate\\Foundation\\Application.php(792): Illuminate\\Container\\Container->call(Array)
#9 D:\\phpStudy\\WWW\\laraver\\pusher\\vendor\\laravel\\framework\\src\\Illuminate\\Foundation\\Application.php(775): Illuminate\\Foundation\\Application->bootProvider(Object(App\\Providers\\BroadcastServiceProvider))
#10 [internal function]: Illuminate\\Foundation\\Application->Illuminate\\Foundation\\{closure}(Object(App\\Providers\\BroadcastServiceProvider), 18)
#11 D:\\phpStudy\\WWW\\laraver\\pusher\\vendor\\laravel\\framework\\src\\Illuminate\\Foundation\\Application.php(776): array_walk(Array, Object(Closure))
#12 D:\\phpStudy\\WWW\\laraver\\pusher\\vendor\\laravel\\framework\\src\\Illuminate\\Foundation\\Bootstrap\\BootProviders.php(17): Illuminate\\Foundation\\Application->boot()
#13 D:\\phpStudy\\WWW\\laraver\\pusher\\vendor\\laravel\\framework\\src\\Illuminate\\Foundation\\Application.php(213): Illuminate\\Foundation\\Bootstrap\\BootProviders->bootstrap(Object(Illuminate\\Foundation\\Application))
#14 D:\\phpStudy\\WWW\\laraver\\pusher\\vendor\\laravel\\framework\\src\\Illuminate\\Foundation\\Http\\Kernel.php(162): Illuminate\\Foundation\\Application->bootstrapWith(Array)
#15 D:\\phpStudy\\WWW\\laraver\\pusher\\vendor\\laravel\\framework\\src\\Illuminate\\Foundation\\Http\\Kernel.php(146): Illuminate\\Foundation\\Http\\Kernel->bootstrap()
#16 D:\\phpStudy\\WWW\\laraver\\pusher\\vendor\\laravel\\framework\\src\\Illuminate\\Foundation\\Http\\Kernel.php(116): Illuminate\\Foundation\\Http\\Kernel->sendRequestThroughRouter(Object(Illuminate\\Http\\Request))
#17 D:\\phpStudy\\WWW\\laraver\\pusher\\public\\index.php(55): Illuminate\\Foundation\\Http\\Kernel->handle(Object(Illuminate\\Http\\Request))
#18 {main}
"} 
[2018-02-06 10:46:25] local.ERROR: Invalid channel name private-App\User.1 {"exception":"[object] (PusherException(code: 0): Invalid channel name private-App\\User.1 at D:\\phpStudy\\WWW\\laraver\\pusher\\vendor\\pusher\\pusher-php-server\\lib\\Pusher.php:257)
[stacktrace]
#0 D:\\phpStudy\\WWW\\laraver\\pusher\\vendor\\pusher\\pusher-php-server\\lib\\Pusher.php(243): Pusher->validate_channel('private-App\\\\Use...')
#1 D:\\phpStudy\\WWW\\laraver\\pusher\\vendor\\pusher\\pusher-php-server\\lib\\Pusher.php(457): Pusher->validate_channels(Array)
#2 D:\\phpStudy\\WWW\\laraver\\pusher\\vendor\\laravel\\framework\\src\\Illuminate\\Broadcasting\\Broadcasters\\PusherBroadcaster.php(99): Pusher->trigger(Array, 'App\\\\Events\\\\Chat...', Array, NULL, true)
#3 D:\\phpStudy\\WWW\\laraver\\pusher\\vendor\\laravel\\framework\\src\\Illuminate\\Broadcasting\\BroadcastEvent.php(48): Illuminate\\Broadcasting\\Broadcasters\\PusherBroadcaster->broadcast(Array, 'App\\\\Events\\\\Chat...', Array)
#4 [internal function]: Illuminate\\Broadcasting\\BroadcastEvent->handle(Object(Illuminate\\Broadcasting\\Broadcasters\\PusherBroadcaster))
#5 D:\\phpStudy\\WWW\\laraver\\pusher\\vendor\\laravel\\framework\\src\\Illuminate\\Container\\BoundMethod.php(29): call_user_func_array(Array, Array)
#6 D:\\phpStudy\\WWW\\laraver\\pusher\\vendor\\laravel\\framework\\src\\Illuminate\\Container\\BoundMethod.php(87): Illuminate\\Container\\BoundMethod::Illuminate\\Container\\{closure}()
#7 D:\\phpStudy\\WWW\\laraver\\pusher\\vendor\\laravel\\framework\\src\\Illuminate\\Container\\BoundMethod.php(31): Illuminate\\Container\\BoundMethod::callBoundMethod(Object(Illuminate\\Foundation\\Application), Array, Object(Closure))
#8 D:\\phpStudy\\WWW\\laraver\\pusher\\vendor\\laravel\\framework\\src\\Illuminate\\Container\\Container.php(549): Illuminate\\Container\\BoundMethod::call(Object(Illuminate\\Foundation\\Application), Array, Array, NULL)
#9 D:\\phpStudy\\WWW\\laraver\\pusher\\vendor\\laravel\\framework\\src\\Illuminate\\Bus\\Dispatcher.php(94): Illuminate\\Container\\Container->call(Array)
#10 D:\\phpStudy\\WWW\\laraver\\pusher\\vendor\\laravel\\framework\\src\\Illuminate\\Pipeline\\Pipeline.php(114): Illuminate\\Bus\\Dispatcher->Illuminate\\Bus\\{closure}(Object(Illuminate\\Broadcasting\\BroadcastEvent))
#11 D:\\phpStudy\\WWW\\laraver\\pusher\\vendor\\laravel\\framework\\src\\Illuminate\\Pipeline\\Pipeline.php(102): Illuminate\\Pipeline\\Pipeline->Illuminate\\Pipeline\\{closure}(Object(Illuminate\\Broadcasting\\BroadcastEvent))
#12 D:\\phpStudy\\WWW\\laraver\\pusher\\vendor\\laravel\\framework\\src\\Illuminate\\Bus\\Dispatcher.php(98): Illuminate\\Pipeline\\Pipeline->then(Object(Closure))
#13 D:\\phpStudy\\WWW\\laraver\\pusher\\vendor\\laravel\\framework\\src\\Illuminate\\Queue\\CallQueuedHandler.php(49): Illuminate\\Bus\\Dispatcher->dispatchNow(Object(Illuminate\\Broadcasting\\BroadcastEvent), false)
#14 D:\\phpStudy\\WWW\\laraver\\pusher\\vendor\\laravel\\framework\\src\\Illuminate\\Queue\\Jobs\\Job.php(76): Illuminate\\Queue\\CallQueuedHandler->call(Object(Illuminate\\Queue\\Jobs\\SyncJob), Array)
#15 D:\\phpStudy\\WWW\\laraver\\pusher\\vendor\\laravel\\framework\\src\\Illuminate\\Queue\\SyncQueue.php(42): Illuminate\\Queue\\Jobs\\Job->fire()
#16 D:\\phpStudy\\WWW\\laraver\\pusher\\vendor\\laravel\\framework\\src\\Illuminate\\Queue\\Queue.php(44): Illuminate\\Queue\\SyncQueue->push(Object(Illuminate\\Broadcasting\\BroadcastEvent), '', NULL)
#17 D:\\phpStudy\\WWW\\laraver\\pusher\\vendor\\laravel\\framework\\src\\Illuminate\\Broadcasting\\BroadcastManager.php(127): Illuminate\\Queue\\Queue->pushOn(NULL, Object(Illuminate\\Broadcasting\\BroadcastEvent))
#18 D:\\phpStudy\\WWW\\laraver\\pusher\\vendor\\laravel\\framework\\src\\Illuminate\\Events\\Dispatcher.php(271): Illuminate\\Broadcasting\\BroadcastManager->queue(Object(App\\Events\\ChatMessageWasReceived))
#19 D:\\phpStudy\\WWW\\laraver\\pusher\\vendor\\laravel\\framework\\src\\Illuminate\\Events\\Dispatcher.php(194): Illuminate\\Events\\Dispatcher->broadcastEvent(Object(App\\Events\\ChatMessageWasReceived))
#20 D:\\phpStudy\\WWW\\laraver\\pusher\\vendor\\laravel\\framework\\src\\Illuminate\\Foundation\\helpers.php(465): Illuminate\\Events\\Dispatcher->dispatch('App\\\\Events\\\\Chat...')
#21 D:\\phpStudy\\WWW\\laraver\\pusher\\app\\Console\\Commands\\SendChatMessage.php(45): event(Object(App\\Events\\ChatMessageWasReceived))
#22 [internal function]: App\\Console\\Commands\\SendChatMessage->handle()
#23 D:\\phpStudy\\WWW\\laraver\\pusher\\vendor\\laravel\\framework\\src\\Illuminate\\Container\\BoundMethod.php(29): call_user_func_array(Array, Array)
#24 D:\\phpStudy\\WWW\\laraver\\pusher\\vendor\\laravel\\framework\\src\\Illuminate\\Container\\BoundMethod.php(87): Illuminate\\Container\\BoundMethod::Illuminate\\Container\\{closure}()
#25 D:\\phpStudy\\WWW\\laraver\\pusher\\vendor\\laravel\\framework\\src\\Illuminate\\Container\\BoundMethod.php(31): Illuminate\\Container\\BoundMethod::callBoundMethod(Object(Illuminate\\Foundation\\Application), Array, Object(Closure))
#26 D:\\phpStudy\\WWW\\laraver\\pusher\\vendor\\laravel\\framework\\src\\Illuminate\\Container\\Container.php(549): Illuminate\\Container\\BoundMethod::call(Object(Illuminate\\Foundation\\Application), Array, Array, NULL)
#27 D:\\phpStudy\\WWW\\laraver\\pusher\\vendor\\laravel\\framework\\src\\Illuminate\\Console\\Command.php(180): Illuminate\\Container\\Container->call(Array)
#28 D:\\phpStudy\\WWW\\laraver\\pusher\\vendor\\symfony\\console\\Command\\Command.php(252): Illuminate\\Console\\Command->execute(Object(Symfony\\Component\\Console\\Input\\ArgvInput), Object(Illuminate\\Console\\OutputStyle))
#29 D:\\phpStudy\\WWW\\laraver\\pusher\\vendor\\laravel\\framework\\src\\Illuminate\\Console\\Command.php(167): Symfony\\Component\\Console\\Command\\Command->run(Object(Symfony\\Component\\Console\\Input\\ArgvInput), Object(Illuminate\\Console\\OutputStyle))
#30 D:\\phpStudy\\WWW\\laraver\\pusher\\vendor\\symfony\\console\\Application.php(936): Illuminate\\Console\\Command->run(Object(Symfony\\Component\\Console\\Input\\ArgvInput), Object(Symfony\\Component\\Console\\Output\\ConsoleOutput))
#31 D:\\phpStudy\\WWW\\laraver\\pusher\\vendor\\symfony\\console\\Application.php(240): Symfony\\Component\\Console\\Application->doRunCommand(Object(App\\Console\\Commands\\SendChatMessage), Object(Symfony\\Component\\Console\\Input\\ArgvInput), Object(Symfony\\Component\\Console\\Output\\ConsoleOutput))
#32 D:\\phpStudy\\WWW\\laraver\\pusher\\vendor\\symfony\\console\\Application.php(148): Symfony\\Component\\Console\\Application->doRun(Object(Symfony\\Component\\Console\\Input\\ArgvInput), Object(Symfony\\Component\\Console\\Output\\ConsoleOutput))
#33 D:\\phpStudy\\WWW\\laraver\\pusher\\vendor\\laravel\\framework\\src\\Illuminate\\Console\\Application.php(88): Symfony\\Component\\Console\\Application->run(Object(Symfony\\Component\\Console\\Input\\ArgvInput), Object(Symfony\\Component\\Console\\Output\\ConsoleOutput))
#34 D:\\phpStudy\\WWW\\laraver\\pusher\\vendor\\laravel\\framework\\src\\Illuminate\\Foundation\\Console\\Kernel.php(121): Illuminate\\Console\\Application->run(Object(Symfony\\Component\\Console\\Input\\ArgvInput), Object(Symfony\\Component\\Console\\Output\\ConsoleOutput))
#35 D:\\phpStudy\\WWW\\laraver\\pusher\\artisan(37): Illuminate\\Foundation\\Console\\Kernel->handle(Object(Symfony\\Component\\Console\\Input\\ArgvInput), Object(Symfony\\Component\\Console\\Output\\ConsoleOutput))
#36 {main}
"} 
[2018-02-06 10:46:37] local.ERROR: Invalid channel name private-App\User.1 {"exception":"[object] (PusherException(code: 0): Invalid channel name private-App\\User.1 at D:\\phpStudy\\WWW\\laraver\\pusher\\vendor\\pusher\\pusher-php-server\\lib\\Pusher.php:257)
[stacktrace]
#0 D:\\phpStudy\\WWW\\laraver\\pusher\\vendor\\pusher\\pusher-php-server\\lib\\Pusher.php(243): Pusher->validate_channel('private-App\\\\Use...')
#1 D:\\phpStudy\\WWW\\laraver\\pusher\\vendor\\pusher\\pusher-php-server\\lib\\Pusher.php(457): Pusher->validate_channels(Array)
#2 D:\\phpStudy\\WWW\\laraver\\pusher\\vendor\\laravel\\framework\\src\\Illuminate\\Broadcasting\\Broadcasters\\PusherBroadcaster.php(99): Pusher->trigger(Array, 'App\\\\Events\\\\Chat...', Array, NULL, true)
#3 D:\\phpStudy\\WWW\\laraver\\pusher\\vendor\\laravel\\framework\\src\\Illuminate\\Broadcasting\\BroadcastEvent.php(48): Illuminate\\Broadcasting\\Broadcasters\\PusherBroadcaster->broadcast(Array, 'App\\\\Events\\\\Chat...', Array)
#4 [internal function]: Illuminate\\Broadcasting\\BroadcastEvent->handle(Object(Illuminate\\Broadcasting\\Broadcasters\\PusherBroadcaster))
#5 D:\\phpStudy\\WWW\\laraver\\pusher\\vendor\\laravel\\framework\\src\\Illuminate\\Container\\BoundMethod.php(29): call_user_func_array(Array, Array)
#6 D:\\phpStudy\\WWW\\laraver\\pusher\\vendor\\laravel\\framework\\src\\Illuminate\\Container\\BoundMethod.php(87): Illuminate\\Container\\BoundMethod::Illuminate\\Container\\{closure}()
#7 D:\\phpStudy\\WWW\\laraver\\pusher\\vendor\\laravel\\framework\\src\\Illuminate\\Container\\BoundMethod.php(31): Illuminate\\Container\\BoundMethod::callBoundMethod(Object(Illuminate\\Foundation\\Application), Array, Object(Closure))
#8 D:\\phpStudy\\WWW\\laraver\\pusher\\vendor\\laravel\\framework\\src\\Illuminate\\Container\\Container.php(549): Illuminate\\Container\\BoundMethod::call(Object(Illuminate\\Foundation\\Application), Array, Array, NULL)
#9 D:\\phpStudy\\WWW\\laraver\\pusher\\vendor\\laravel\\framework\\src\\Illuminate\\Bus\\Dispatcher.php(94): Illuminate\\Container\\Container->call(Array)
#10 D:\\phpStudy\\WWW\\laraver\\pusher\\vendor\\laravel\\framework\\src\\Illuminate\\Pipeline\\Pipeline.php(114): Illuminate\\Bus\\Dispatcher->Illuminate\\Bus\\{closure}(Object(Illuminate\\Broadcasting\\BroadcastEvent))
#11 D:\\phpStudy\\WWW\\laraver\\pusher\\vendor\\laravel\\framework\\src\\Illuminate\\Pipeline\\Pipeline.php(102): Illuminate\\Pipeline\\Pipeline->Illuminate\\Pipeline\\{closure}(Object(Illuminate\\Broadcasting\\BroadcastEvent))
#12 D:\\phpStudy\\WWW\\laraver\\pusher\\vendor\\laravel\\framework\\src\\Illuminate\\Bus\\Dispatcher.php(98): Illuminate\\Pipeline\\Pipeline->then(Object(Closure))
#13 D:\\phpStudy\\WWW\\laraver\\pusher\\vendor\\laravel\\framework\\src\\Illuminate\\Queue\\CallQueuedHandler.php(49): Illuminate\\Bus\\Dispatcher->dispatchNow(Object(Illuminate\\Broadcasting\\BroadcastEvent), false)
#14 D:\\phpStudy\\WWW\\laraver\\pusher\\vendor\\laravel\\framework\\src\\Illuminate\\Queue\\Jobs\\Job.php(76): Illuminate\\Queue\\CallQueuedHandler->call(Object(Illuminate\\Queue\\Jobs\\SyncJob), Array)
#15 D:\\phpStudy\\WWW\\laraver\\pusher\\vendor\\laravel\\framework\\src\\Illuminate\\Queue\\SyncQueue.php(42): Illuminate\\Queue\\Jobs\\Job->fire()
#16 D:\\phpStudy\\WWW\\laraver\\pusher\\vendor\\laravel\\framework\\src\\Illuminate\\Queue\\Queue.php(44): Illuminate\\Queue\\SyncQueue->push(Object(Illuminate\\Broadcasting\\BroadcastEvent), '', NULL)
#17 D:\\phpStudy\\WWW\\laraver\\pusher\\vendor\\laravel\\framework\\src\\Illuminate\\Broadcasting\\BroadcastManager.php(127): Illuminate\\Queue\\Queue->pushOn(NULL, Object(Illuminate\\Broadcasting\\BroadcastEvent))
#18 D:\\phpStudy\\WWW\\laraver\\pusher\\vendor\\laravel\\framework\\src\\Illuminate\\Events\\Dispatcher.php(271): Illuminate\\Broadcasting\\BroadcastManager->queue(Object(App\\Events\\ChatMessageWasReceived))
#19 D:\\phpStudy\\WWW\\laraver\\pusher\\vendor\\laravel\\framework\\src\\Illuminate\\Events\\Dispatcher.php(194): Illuminate\\Events\\Dispatcher->broadcastEvent(Object(App\\Events\\ChatMessageWasReceived))
#20 D:\\phpStudy\\WWW\\laraver\\pusher\\vendor\\laravel\\framework\\src\\Illuminate\\Foundation\\helpers.php(465): Illuminate\\Events\\Dispatcher->dispatch('App\\\\Events\\\\Chat...')
#21 D:\\phpStudy\\WWW\\laraver\\pusher\\app\\Console\\Commands\\SendChatMessage.php(45): event(Object(App\\Events\\ChatMessageWasReceived))
#22 [internal function]: App\\Console\\Commands\\SendChatMessage->handle()
#23 D:\\phpStudy\\WWW\\laraver\\pusher\\vendor\\laravel\\framework\\src\\Illuminate\\Container\\BoundMethod.php(29): call_user_func_array(Array, Array)
#24 D:\\phpStudy\\WWW\\laraver\\pusher\\vendor\\laravel\\framework\\src\\Illuminate\\Container\\BoundMethod.php(87): Illuminate\\Container\\BoundMethod::Illuminate\\Container\\{closure}()
#25 D:\\phpStudy\\WWW\\laraver\\pusher\\vendor\\laravel\\framework\\src\\Illuminate\\Container\\BoundMethod.php(31): Illuminate\\Container\\BoundMethod::callBoundMethod(Object(Illuminate\\Foundation\\Application), Array, Object(Closure))
#26 D:\\phpStudy\\WWW\\laraver\\pusher\\vendor\\laravel\\framework\\src\\Illuminate\\Container\\Container.php(549): Illuminate\\Container\\BoundMethod::call(Object(Illuminate\\Foundation\\Application), Array, Array, NULL)
#27 D:\\phpStudy\\WWW\\laraver\\pusher\\vendor\\laravel\\framework\\src\\Illuminate\\Console\\Command.php(180): Illuminate\\Container\\Container->call(Array)
#28 D:\\phpStudy\\WWW\\laraver\\pusher\\vendor\\symfony\\console\\Command\\Command.php(252): Illuminate\\Console\\Command->execute(Object(Symfony\\Component\\Console\\Input\\ArgvInput), Object(Illuminate\\Console\\OutputStyle))
#29 D:\\phpStudy\\WWW\\laraver\\pusher\\vendor\\laravel\\framework\\src\\Illuminate\\Console\\Command.php(167): Symfony\\Component\\Console\\Command\\Command->run(Object(Symfony\\Component\\Console\\Input\\ArgvInput), Object(Illuminate\\Console\\OutputStyle))
#30 D:\\phpStudy\\WWW\\laraver\\pusher\\vendor\\symfony\\console\\Application.php(936): Illuminate\\Console\\Command->run(Object(Symfony\\Component\\Console\\Input\\ArgvInput), Object(Symfony\\Component\\Console\\Output\\ConsoleOutput))
#31 D:\\phpStudy\\WWW\\laraver\\pusher\\vendor\\symfony\\console\\Application.php(240): Symfony\\Component\\Console\\Application->doRunCommand(Object(App\\Console\\Commands\\SendChatMessage), Object(Symfony\\Component\\Console\\Input\\ArgvInput), Object(Symfony\\Component\\Console\\Output\\ConsoleOutput))
#32 D:\\phpStudy\\WWW\\laraver\\pusher\\vendor\\symfony\\console\\Application.php(148): Symfony\\Component\\Console\\Application->doRun(Object(Symfony\\Component\\Console\\Input\\ArgvInput), Object(Symfony\\Component\\Console\\Output\\ConsoleOutput))
#33 D:\\phpStudy\\WWW\\laraver\\pusher\\vendor\\laravel\\framework\\src\\Illuminate\\Console\\Application.php(88): Symfony\\Component\\Console\\Application->run(Object(Symfony\\Component\\Console\\Input\\ArgvInput), Object(Symfony\\Component\\Console\\Output\\ConsoleOutput))
#34 D:\\phpStudy\\WWW\\laraver\\pusher\\vendor\\laravel\\framework\\src\\Illuminate\\Foundation\\Console\\Kernel.php(121): Illuminate\\Console\\Application->run(Object(Symfony\\Component\\Console\\Input\\ArgvInput), Object(Symfony\\Component\\Console\\Output\\ConsoleOutput))
#35 D:\\phpStudy\\WWW\\laraver\\pusher\\artisan(37): Illuminate\\Foundation\\Console\\Kernel->handle(Object(Symfony\\Component\\Console\\Input\\ArgvInput), Object(Symfony\\Component\\Console\\Output\\ConsoleOutput))
#36 {main}
"} 
